[2021-12-13 11:07:51,693] INFO [com.hardziyevich.app.db.ConnectionPool: 62] Connection was given, stay around 5
[2021-12-13 11:07:51,696] INFO [com.hardziyevich.app.db.ConnectionPool: 62] Connection was given, stay around 4
[2021-12-13 11:07:51,697] INFO [com.hardziyevich.app.db.ConnectionPool: 62] Connection was given, stay around 3
[2021-12-13 11:07:51,698] INFO [com.hardziyevich.app.db.ConnectionPool: 62] Connection was given, stay around 2
[2021-12-13 11:07:51,698] INFO [com.hardziyevich.app.db.ConnectionPool: 62] Connection was given, stay around 1
[2021-12-13 11:07:51,698] INFO [com.hardziyevich.app.db.ConnectionPool: 62] Connection was given, stay around 0
[2021-12-13 11:09:15,207] INFO [com.hardziyevich.app.db.ConnectionPool: 62] Connection was given, stay around 5
[2021-12-13 11:09:15,210] INFO [com.hardziyevich.app.db.ConnectionPool: 62] Connection was given, stay around 4
[2021-12-13 11:09:15,210] INFO [com.hardziyevich.app.db.ConnectionPool: 62] Connection was given, stay around 3
[2021-12-13 11:09:15,210] INFO [com.hardziyevich.app.db.ConnectionPool: 62] Connection was given, stay around 2
[2021-12-13 11:09:15,211] INFO [com.hardziyevich.app.db.ConnectionPool: 62] Connection was given, stay around 1
[2021-12-13 11:09:15,211] INFO [com.hardziyevich.app.db.ConnectionPool: 62] Connection was given, stay around 0
[2021-12-13 11:14:29,747] INFO [com.hardziyevich.app.db.ConnectionPool: 62] Connection was given, stay around 5
[2021-12-13 11:15:48,795] INFO [com.hardziyevich.app.db.ConnectionPool: 62] Connection was given, stay around 4
[2021-12-13 14:58:27,817] INFO [com.hardziyevich.app.db.ConnectionPool: 62] Connection was given, stay around 4
[2021-12-13 14:58:27,840] INFO [com.hardziyevich.app.dao.impl.CaseDaoImpl: 35] Something happened No results were returned by the query.
[2021-12-13 15:04:45,882] INFO [com.hardziyevich.app.db.ConnectionPool: 62] Connection was given, stay around 4
[2021-12-13 15:04:45,910] INFO [com.hardziyevich.app.dao.impl.CaseDaoImpl: 35] Something happened No results were returned by the query.
[2021-12-13 15:05:20,439] INFO [com.hardziyevich.app.db.ConnectionPool: 62] Connection was given, stay around 4
[2021-12-13 15:05:20,466] INFO [com.hardziyevich.app.dao.impl.CaseDaoImpl: 35] Something happened No results were returned by the query.
[2021-12-13 15:07:07,973] INFO [com.hardziyevich.app.db.ConnectionPool: 62] Connection was given, stay around 4
[2021-12-13 15:07:58,886] INFO [com.hardziyevich.app.db.ConnectionPool: 62] Connection was given, stay around 4
[2021-12-13 15:21:36,875] INFO [com.hardziyevich.app.db.ConnectionPool: 62] Connection was given, stay around 4
[2021-12-13 15:22:17,692] INFO [com.hardziyevich.app.db.ConnectionPool: 62] Connection was given, stay around 4
[2021-12-13 15:23:48,782] INFO [com.hardziyevich.app.db.ConnectionPool: 62] Connection was given, stay around 4
[2021-12-13 15:24:16,195] INFO [com.hardziyevich.app.db.ConnectionPool: 62] Connection was given, stay around 4
[2021-12-13 15:26:22,914] INFO [com.hardziyevich.app.db.ConnectionPool: 62] Connection was given, stay around 4
[2021-12-13 15:28:46,059] INFO [com.hardziyevich.app.db.ConnectionPool: 62] Connection was given, stay around 4
[2021-12-13 15:30:38,253] INFO [com.hardziyevich.app.db.ConnectionPool: 62] Connection was given, stay around 4
[2021-12-13 15:33:51,194] INFO [com.hardziyevich.app.db.ConnectionPool: 62] Connection was given, stay around 4
[2021-12-13 15:35:06,836] INFO [com.hardziyevich.app.db.ConnectionPool: 62] Connection was given, stay around 4
[2021-12-13 15:53:37,130] INFO [com.hardziyevich.app.db.ConnectionPool: 62] Connection was given, stay around 4
[2021-12-13 15:56:45,529] INFO [com.hardziyevich.app.db.ConnectionPool: 62] Connection was given, stay around 4
[2021-12-13 15:57:05,290] INFO [com.hardziyevich.app.db.ConnectionPool: 62] Connection was given, stay around 4
[2021-12-13 15:58:01,945] INFO [com.hardziyevich.app.db.ConnectionPool: 62] Connection was given, stay around 4
[2021-12-13 16:02:20,491] INFO [com.hardziyevich.app.db.ConnectionPool: 62] Connection was given, stay around 4
[2021-12-13 16:03:23,158] INFO [com.hardziyevich.app.db.ConnectionPool: 62] Connection was given, stay around 4
[2021-12-13 16:04:44,479] INFO [com.hardziyevich.app.db.ConnectionPool: 62] Connection was given, stay around 4
[2021-12-13 16:08:32,755] INFO [com.hardziyevich.app.db.ConnectionPool: 62] Connection was given, stay around 4
[2021-12-13 16:21:23,702] INFO [com.hardziyevich.app.db.ConnectionPool: 62] Connection was given, stay around 4
[2021-12-13 16:21:23,723] INFO [com.hardziyevich.app.db.ConnectionPool: 62] Connection was given, stay around 4
[2021-12-13 22:44:42,148] WARN [com.hardziyevich.app.controller.BaseController: 41] Something happened No enum constant com.hardziyevich.app.controller.BaseController.RequestType.CAPACITOR
[2021-12-13 22:45:46,804] WARN [com.hardziyevich.app.controller.BaseController: 41] Something happened No enum constant com.hardziyevich.app.controller.BaseController.RequestType.CAPACITOR
[2021-12-13 23:07:16,757] WARN [com.hardziyevich.app.controller.Handler: 52] Something happened response headers not sent yet
[2021-12-14 08:46:51,864] INFO [com.hardziyevich.app.db.ConnectionPool: 62] Connection was given, stay around 4
[2021-12-14 08:46:51,886] INFO [com.hardziyevich.app.db.ConnectionPool: 62] Connection was given, stay around 4
[2021-12-14 08:57:58,703] WARN [com.hardziyevich.app.controller.Handler: 64] Something happened No enum constant com.hardziyevich.app.controller.Handler.RequestType.
[2021-12-14 08:58:09,938] WARN [com.hardziyevich.app.controller.Handler: 64] Something happened No enum constant com.hardziyevich.app.controller.Handler.RequestType.CAPACITORS
[2021-12-14 10:04:31,630] WARN [com.hardziyevich.app.controller.Handler: 70] Something happened class com.github.cliftonlabs.json_simple.JsonObject cannot be cast to class com.github.cliftonlabs.json_simple.JsonArray (com.github.cliftonlabs.json_simple.JsonObject and com.github.cliftonlabs.json_simple.JsonArray are in unnamed module of loader 'app')
[2021-12-14 10:06:02,381] WARN [com.hardziyevich.app.controller.Handler: 70] Something happened class com.github.cliftonlabs.json_simple.JsonObject cannot be cast to class com.github.cliftonlabs.json_simple.JsonArray (com.github.cliftonlabs.json_simple.JsonObject and com.github.cliftonlabs.json_simple.JsonArray are in unnamed module of loader 'app')
[2021-12-14 10:07:57,111] WARN [com.hardziyevich.app.controller.Handler: 71] Something happened The unexpected token DATUM(first) was found at position 57. Fix the parsable string and try again.
[2021-12-14 14:08:15,446] WARN [com.hardziyevich.app.controller.Handler: 71] Something happened The unexpected token END() was found at position 0. Fix the parsable string and try again.
[2021-12-14 14:08:16,597] WARN [com.hardziyevich.app.controller.Handler: 71] Something happened The unexpected token END() was found at position 0. Fix the parsable string and try again.
[2021-12-14 14:08:17,368] WARN [com.hardziyevich.app.controller.Handler: 71] Something happened The unexpected token END() was found at position 0. Fix the parsable string and try again.
[2021-12-14 14:08:22,410] WARN [com.hardziyevich.app.controller.Handler: 71] Something happened The unexpected token END() was found at position 0. Fix the parsable string and try again.
[2021-12-14 14:08:50,244] WARN [com.hardziyevich.app.controller.Handler: 71] Something happened The unexpected token END() was found at position 0. Fix the parsable string and try again.
[2021-12-14 14:08:52,663] WARN [com.hardziyevich.app.controller.Handler: 71] Something happened The unexpected token END() was found at position 0. Fix the parsable string and try again.
[2021-12-14 14:08:53,335] WARN [com.hardziyevich.app.controller.Handler: 71] Something happened The unexpected token END() was found at position 0. Fix the parsable string and try again.
[2021-12-14 14:08:59,606] WARN [com.hardziyevich.app.controller.Handler: 71] Something happened The unexpected token END() was found at position 0. Fix the parsable string and try again.
[2021-12-14 14:09:00,744] WARN [com.hardziyevich.app.controller.Handler: 71] Something happened The unexpected token END() was found at position 0. Fix the parsable string and try again.
[2021-12-14 14:09:05,781] WARN [com.hardziyevich.app.controller.Handler: 71] Something happened The unexpected token END() was found at position 0. Fix the parsable string and try again.
[2021-12-14 14:09:10,104] WARN [com.hardziyevich.app.controller.Handler: 71] Something happened The unexpected token END() was found at position 0. Fix the parsable string and try again.
[2021-12-14 14:09:49,741] WARN [com.hardziyevich.app.controller.Handler: 71] Something happened The unexpected token END() was found at position 0. Fix the parsable string and try again.
[2021-12-14 14:09:50,782] WARN [com.hardziyevich.app.controller.Handler: 71] Something happened The unexpected token END() was found at position 0. Fix the parsable string and try again.
[2021-12-14 14:09:55,815] WARN [com.hardziyevich.app.controller.Handler: 71] Something happened The unexpected token END() was found at position 0. Fix the parsable string and try again.
[2021-12-14 14:10:25,834] WARN [com.hardziyevich.app.controller.Handler: 71] Something happened The unexpected token END() was found at position 0. Fix the parsable string and try again.
[2021-12-14 14:11:25,871] WARN [com.hardziyevich.app.controller.Handler: 71] Something happened The unexpected token END() was found at position 0. Fix the parsable string and try again.
[2021-12-14 14:16:25,910] WARN [com.hardziyevich.app.controller.Handler: 72] Something happened The unexpected token END() was found at position 0. Fix the parsable string and try again.
[2021-12-14 14:29:18,024] WARN [com.hardziyevich.app.controller.Handler: 72] Something happened The unexpected token END() was found at position 0. Fix the parsable string and try again.
[2021-12-14 14:29:19,075] WARN [com.hardziyevich.app.controller.Handler: 72] Something happened The unexpected token END() was found at position 0. Fix the parsable string and try again.
[2021-12-14 14:29:24,110] WARN [com.hardziyevich.app.controller.Handler: 72] Something happened The unexpected token END() was found at position 0. Fix the parsable string and try again.
[2021-12-14 14:29:54,141] WARN [com.hardziyevich.app.controller.Handler: 72] Something happened The unexpected token END() was found at position 0. Fix the parsable string and try again.
[2021-12-14 14:30:55,813] WARN [com.hardziyevich.app.controller.Handler: 72] Something happened The unexpected token END() was found at position 0. Fix the parsable string and try again.
[2021-12-14 14:30:56,855] WARN [com.hardziyevich.app.controller.Handler: 72] Something happened The unexpected token END() was found at position 0. Fix the parsable string and try again.
[2021-12-14 14:31:01,896] WARN [com.hardziyevich.app.controller.Handler: 72] Something happened The unexpected token END() was found at position 0. Fix the parsable string and try again.
[2021-12-14 14:31:15,031] WARN [com.hardziyevich.app.controller.Handler: 72] Something happened The unexpected token END() was found at position 0. Fix the parsable string and try again.
[2021-12-14 14:31:16,174] WARN [com.hardziyevich.app.controller.Handler: 72] Something happened The unexpected token END() was found at position 0. Fix the parsable string and try again.
[2021-12-14 14:31:21,203] WARN [com.hardziyevich.app.controller.Handler: 72] Something happened The unexpected token END() was found at position 0. Fix the parsable string and try again.
[2021-12-14 14:31:51,236] WARN [com.hardziyevich.app.controller.Handler: 72] Something happened The unexpected token END() was found at position 0. Fix the parsable string and try again.
[2021-12-14 14:32:07,640] WARN [com.hardziyevich.app.controller.Handler: 72] Something happened The unexpected token END() was found at position 0. Fix the parsable string and try again.
[2021-12-14 14:32:10,261] WARN [com.hardziyevich.app.controller.Handler: 72] Something happened The unexpected token END() was found at position 0. Fix the parsable string and try again.
[2021-12-14 14:32:10,357] WARN [com.hardziyevich.app.controller.Handler: 72] Something happened The unexpected token END() was found at position 0. Fix the parsable string and try again.
[2021-12-14 14:33:16,027] WARN [com.hardziyevich.app.controller.Handler: 72] Something happened No enum constant com.hardziyevich.app.controller.Handler.RequestType.FAVICON.ICO
[2021-12-14 14:33:16,032] WARN [com.hardziyevich.app.controller.Handler: 72] Something happened No enum constant com.hardziyevich.app.controller.Handler.RequestType.FAVICON.ICO
[2021-12-14 14:34:26,783] WARN [com.hardziyevich.app.controller.Handler: 72] Something happened No enum constant com.hardziyevich.app.controller.Handler.RequestType.FAVICON.ICO
[2021-12-14 14:34:26,790] WARN [com.hardziyevich.app.controller.Handler: 72] Something happened No enum constant com.hardziyevich.app.controller.Handler.RequestType.FAVICON.ICO
[2021-12-14 14:34:36,716] WARN [com.hardziyevich.app.controller.Handler: 72] Something happened No enum constant com.hardziyevich.app.controller.Handler.RequestType.
[2021-12-14 14:34:37,777] WARN [com.hardziyevich.app.controller.Handler: 72] Something happened No enum constant com.hardziyevich.app.controller.Handler.RequestType.
[2021-12-14 14:34:42,798] WARN [com.hardziyevich.app.controller.Handler: 72] Something happened No enum constant com.hardziyevich.app.controller.Handler.RequestType.
[2021-12-14 14:34:44,978] WARN [com.hardziyevich.app.controller.Handler: 72] Something happened No enum constant com.hardziyevich.app.controller.Handler.RequestType.
[2021-12-14 14:34:54,762] WARN [com.hardziyevich.app.controller.Handler: 72] Something happened No enum constant com.hardziyevich.app.controller.Handler.RequestType.FAVICON.ICO
[2021-12-14 14:34:54,764] WARN [com.hardziyevich.app.controller.Handler: 72] Something happened No enum constant com.hardziyevich.app.controller.Handler.RequestType.FAVICON.ICO
[2021-12-14 14:36:54,527] WARN [com.hardziyevich.app.controller.Handler: 72] Something happened No enum constant com.hardziyevich.app.controller.Handler.RequestType.FAVICON.ICO
[2021-12-14 14:36:54,530] WARN [com.hardziyevich.app.controller.Handler: 72] Something happened No enum constant com.hardziyevich.app.controller.Handler.RequestType.FAVICON.ICO
[2021-12-14 14:37:00,392] WARN [com.hardziyevich.app.controller.Handler: 72] Something happened No enum constant com.hardziyevich.app.controller.Handler.RequestType.FAVICON.ICO
[2021-12-14 14:37:00,394] WARN [com.hardziyevich.app.controller.Handler: 72] Something happened No enum constant com.hardziyevich.app.controller.Handler.RequestType.FAVICON.ICO
[2021-12-14 14:38:33,115] WARN [com.hardziyevich.app.controller.Handler: 72] Something happened [Ljava.lang.StackTraceElement;@78438c19
[2021-12-14 14:38:33,121] WARN [com.hardziyevich.app.controller.Handler: 72] Something happened [Ljava.lang.StackTraceElement;@6bfd6bf9
[2021-12-14 14:39:36,137] WARN [com.hardziyevich.app.controller.Handler: 72] Something happened [java.base/java.lang.Enum.valueOf(Enum.java:273), com.hardziyevich.app.controller.Handler$RequestType.valueOf(Handler.java:19), com.hardziyevich.app.controller.Handler.handle(Handler.java:36), jdk.httpserver/com.sun.net.httpserver.Filter$Chain.doFilter(Filter.java:93), jdk.httpserver/sun.net.httpserver.AuthFilter.doFilter(AuthFilter.java:82), jdk.httpserver/com.sun.net.httpserver.Filter$Chain.doFilter(Filter.java:96), jdk.httpserver/sun.net.httpserver.ServerImpl$Exchange$LinkHandler.handle(ServerImpl.java:717), jdk.httpserver/com.sun.net.httpserver.Filter$Chain.doFilter(Filter.java:93), jdk.httpserver/sun.net.httpserver.ServerImpl$Exchange.run(ServerImpl.java:689), jdk.httpserver/sun.net.httpserver.ServerImpl$DefaultExecutor.execute(ServerImpl.java:159), jdk.httpserver/sun.net.httpserver.ServerImpl$Dispatcher.handle(ServerImpl.java:442), jdk.httpserver/sun.net.httpserver.ServerImpl$Dispatcher.run(ServerImpl.java:408), java.base/java.lang.Thread.run(Thread.java:831)]
[2021-12-14 14:39:36,142] WARN [com.hardziyevich.app.controller.Handler: 72] Something happened [java.base/java.lang.Enum.valueOf(Enum.java:273), com.hardziyevich.app.controller.Handler$RequestType.valueOf(Handler.java:19), com.hardziyevich.app.controller.Handler.handle(Handler.java:36), jdk.httpserver/com.sun.net.httpserver.Filter$Chain.doFilter(Filter.java:93), jdk.httpserver/sun.net.httpserver.AuthFilter.doFilter(AuthFilter.java:82), jdk.httpserver/com.sun.net.httpserver.Filter$Chain.doFilter(Filter.java:96), jdk.httpserver/sun.net.httpserver.ServerImpl$Exchange$LinkHandler.handle(ServerImpl.java:717), jdk.httpserver/com.sun.net.httpserver.Filter$Chain.doFilter(Filter.java:93), jdk.httpserver/sun.net.httpserver.ServerImpl$Exchange.run(ServerImpl.java:689), jdk.httpserver/sun.net.httpserver.ServerImpl$DefaultExecutor.execute(ServerImpl.java:159), jdk.httpserver/sun.net.httpserver.ServerImpl$Dispatcher.handle(ServerImpl.java:442), jdk.httpserver/sun.net.httpserver.ServerImpl$Dispatcher.run(ServerImpl.java:408), java.base/java.lang.Thread.run(Thread.java:831)]
[2021-12-14 14:41:13,247] WARN [com.hardziyevich.app.controller.Handler: 71] Something happened [java.base/java.lang.Enum.valueOf(Enum.java:273), com.hardziyevich.app.controller.Handler$RequestType.valueOf(Handler.java:19), com.hardziyevich.app.controller.Handler.handle(Handler.java:36), jdk.httpserver/com.sun.net.httpserver.Filter$Chain.doFilter(Filter.java:93), jdk.httpserver/sun.net.httpserver.AuthFilter.doFilter(AuthFilter.java:82), jdk.httpserver/com.sun.net.httpserver.Filter$Chain.doFilter(Filter.java:96), jdk.httpserver/sun.net.httpserver.ServerImpl$Exchange$LinkHandler.handle(ServerImpl.java:717), jdk.httpserver/com.sun.net.httpserver.Filter$Chain.doFilter(Filter.java:93), jdk.httpserver/sun.net.httpserver.ServerImpl$Exchange.run(ServerImpl.java:689), jdk.httpserver/sun.net.httpserver.ServerImpl$DefaultExecutor.execute(ServerImpl.java:159), jdk.httpserver/sun.net.httpserver.ServerImpl$Dispatcher.handle(ServerImpl.java:442), jdk.httpserver/sun.net.httpserver.ServerImpl$Dispatcher.run(ServerImpl.java:408), java.base/java.lang.Thread.run(Thread.java:831)]
[2021-12-14 14:41:13,254] WARN [com.hardziyevich.app.controller.Handler: 71] Something happened [java.base/java.lang.Enum.valueOf(Enum.java:273), com.hardziyevich.app.controller.Handler$RequestType.valueOf(Handler.java:19), com.hardziyevich.app.controller.Handler.handle(Handler.java:36), jdk.httpserver/com.sun.net.httpserver.Filter$Chain.doFilter(Filter.java:93), jdk.httpserver/sun.net.httpserver.AuthFilter.doFilter(AuthFilter.java:82), jdk.httpserver/com.sun.net.httpserver.Filter$Chain.doFilter(Filter.java:96), jdk.httpserver/sun.net.httpserver.ServerImpl$Exchange$LinkHandler.handle(ServerImpl.java:717), jdk.httpserver/com.sun.net.httpserver.Filter$Chain.doFilter(Filter.java:93), jdk.httpserver/sun.net.httpserver.ServerImpl$Exchange.run(ServerImpl.java:689), jdk.httpserver/sun.net.httpserver.ServerImpl$DefaultExecutor.execute(ServerImpl.java:159), jdk.httpserver/sun.net.httpserver.ServerImpl$Dispatcher.handle(ServerImpl.java:442), jdk.httpserver/sun.net.httpserver.ServerImpl$Dispatcher.run(ServerImpl.java:408), java.base/java.lang.Thread.run(Thread.java:831)]
[2021-12-14 16:16:29,895] WARN [com.hardziyevich.app.controller.Handler: 71] Something happened [com.github.cliftonlabs.json_simple.Jsoner.deserialize(Jsoner.java:145), com.github.cliftonlabs.json_simple.Jsoner.deserialize(Jsoner.java:80), com.hardziyevich.app.controller.Handler.handle(Handler.java:48), jdk.httpserver/com.sun.net.httpserver.Filter$Chain.doFilter(Filter.java:93), jdk.httpserver/sun.net.httpserver.AuthFilter.doFilter(AuthFilter.java:82), jdk.httpserver/com.sun.net.httpserver.Filter$Chain.doFilter(Filter.java:96), jdk.httpserver/sun.net.httpserver.ServerImpl$Exchange$LinkHandler.handle(ServerImpl.java:717), jdk.httpserver/com.sun.net.httpserver.Filter$Chain.doFilter(Filter.java:93), jdk.httpserver/sun.net.httpserver.ServerImpl$Exchange.run(ServerImpl.java:689), jdk.httpserver/sun.net.httpserver.ServerImpl$DefaultExecutor.execute(ServerImpl.java:159), jdk.httpserver/sun.net.httpserver.ServerImpl$Dispatcher.handle(ServerImpl.java:442), jdk.httpserver/sun.net.httpserver.ServerImpl$Dispatcher.run(ServerImpl.java:408), java.base/java.lang.Thread.run(Thread.java:831)]
[2021-12-14 16:16:30,952] WARN [com.hardziyevich.app.controller.Handler: 71] Something happened [com.github.cliftonlabs.json_simple.Jsoner.deserialize(Jsoner.java:145), com.github.cliftonlabs.json_simple.Jsoner.deserialize(Jsoner.java:80), com.hardziyevich.app.controller.Handler.handle(Handler.java:48), jdk.httpserver/com.sun.net.httpserver.Filter$Chain.doFilter(Filter.java:93), jdk.httpserver/sun.net.httpserver.AuthFilter.doFilter(AuthFilter.java:82), jdk.httpserver/com.sun.net.httpserver.Filter$Chain.doFilter(Filter.java:96), jdk.httpserver/sun.net.httpserver.ServerImpl$Exchange$LinkHandler.handle(ServerImpl.java:717), jdk.httpserver/com.sun.net.httpserver.Filter$Chain.doFilter(Filter.java:93), jdk.httpserver/sun.net.httpserver.ServerImpl$Exchange.run(ServerImpl.java:689), jdk.httpserver/sun.net.httpserver.ServerImpl$DefaultExecutor.execute(ServerImpl.java:159), jdk.httpserver/sun.net.httpserver.ServerImpl$Dispatcher.handle(ServerImpl.java:442), jdk.httpserver/sun.net.httpserver.ServerImpl$Dispatcher.run(ServerImpl.java:408), java.base/java.lang.Thread.run(Thread.java:831)]
[2021-12-14 16:16:35,989] WARN [com.hardziyevich.app.controller.Handler: 71] Something happened [com.github.cliftonlabs.json_simple.Jsoner.deserialize(Jsoner.java:145), com.github.cliftonlabs.json_simple.Jsoner.deserialize(Jsoner.java:80), com.hardziyevich.app.controller.Handler.handle(Handler.java:48), jdk.httpserver/com.sun.net.httpserver.Filter$Chain.doFilter(Filter.java:93), jdk.httpserver/sun.net.httpserver.AuthFilter.doFilter(AuthFilter.java:82), jdk.httpserver/com.sun.net.httpserver.Filter$Chain.doFilter(Filter.java:96), jdk.httpserver/sun.net.httpserver.ServerImpl$Exchange$LinkHandler.handle(ServerImpl.java:717), jdk.httpserver/com.sun.net.httpserver.Filter$Chain.doFilter(Filter.java:93), jdk.httpserver/sun.net.httpserver.ServerImpl$Exchange.run(ServerImpl.java:689), jdk.httpserver/sun.net.httpserver.ServerImpl$DefaultExecutor.execute(ServerImpl.java:159), jdk.httpserver/sun.net.httpserver.ServerImpl$Dispatcher.handle(ServerImpl.java:442), jdk.httpserver/sun.net.httpserver.ServerImpl$Dispatcher.run(ServerImpl.java:408), java.base/java.lang.Thread.run(Thread.java:831)]
[2021-12-14 16:17:06,014] WARN [com.hardziyevich.app.controller.Handler: 71] Something happened [com.github.cliftonlabs.json_simple.Jsoner.deserialize(Jsoner.java:145), com.github.cliftonlabs.json_simple.Jsoner.deserialize(Jsoner.java:80), com.hardziyevich.app.controller.Handler.handle(Handler.java:48), jdk.httpserver/com.sun.net.httpserver.Filter$Chain.doFilter(Filter.java:93), jdk.httpserver/sun.net.httpserver.AuthFilter.doFilter(AuthFilter.java:82), jdk.httpserver/com.sun.net.httpserver.Filter$Chain.doFilter(Filter.java:96), jdk.httpserver/sun.net.httpserver.ServerImpl$Exchange$LinkHandler.handle(ServerImpl.java:717), jdk.httpserver/com.sun.net.httpserver.Filter$Chain.doFilter(Filter.java:93), jdk.httpserver/sun.net.httpserver.ServerImpl$Exchange.run(ServerImpl.java:689), jdk.httpserver/sun.net.httpserver.ServerImpl$DefaultExecutor.execute(ServerImpl.java:159), jdk.httpserver/sun.net.httpserver.ServerImpl$Dispatcher.handle(ServerImpl.java:442), jdk.httpserver/sun.net.httpserver.ServerImpl$Dispatcher.run(ServerImpl.java:408), java.base/java.lang.Thread.run(Thread.java:831)]
[2021-12-14 18:07:50,155] INFO [com.hardziyevich.app.controller.Handler: 37] Method PUT does not support
[2021-12-14 18:07:50,174] WARN [com.hardziyevich.app.controller.Handler: 63] Something happened [jdk.httpserver/sun.net.httpserver.ExchangeImpl.sendResponseHeaders(ExchangeImpl.java:205), jdk.httpserver/sun.net.httpserver.HttpExchangeImpl.sendResponseHeaders(HttpExchangeImpl.java:85), com.hardziyevich.app.controller.Handler.handle(Handler.java:50), jdk.httpserver/com.sun.net.httpserver.Filter$Chain.doFilter(Filter.java:93), jdk.httpserver/sun.net.httpserver.AuthFilter.doFilter(AuthFilter.java:82), jdk.httpserver/com.sun.net.httpserver.Filter$Chain.doFilter(Filter.java:96), jdk.httpserver/sun.net.httpserver.ServerImpl$Exchange$LinkHandler.handle(ServerImpl.java:717), jdk.httpserver/com.sun.net.httpserver.Filter$Chain.doFilter(Filter.java:93), jdk.httpserver/sun.net.httpserver.ServerImpl$Exchange.run(ServerImpl.java:689), jdk.httpserver/sun.net.httpserver.ServerImpl$DefaultExecutor.execute(ServerImpl.java:159), jdk.httpserver/sun.net.httpserver.ServerImpl$Dispatcher.handle(ServerImpl.java:442), jdk.httpserver/sun.net.httpserver.ServerImpl$Dispatcher.run(ServerImpl.java:408), java.base/java.lang.Thread.run(Thread.java:831)]
[2021-12-14 18:08:36,314] INFO [com.hardziyevich.app.controller.Handler: 37] Method PUT does not support
[2021-12-14 18:08:40,701] INFO [com.hardziyevich.app.controller.Handler: 37] Method PUT does not support
